<?xml version="1.0" encoding="UTF-8"?>
<!-- Generated by org.testng.reporters.JUnitXMLReporter -->
<testsuite hostname="EMM.local" name="Test" tests="21" failures="21" timestamp="17 Dec 2018 17:39:15 GMT" time="11.664" errors="0">
  <testcase name="onlyAndroidMobile" time="1.111" classname="appfactory.multitenant.Sanity">
    <failure type="org.apache.http.client.ClientProtocolException">
      <![CDATA[org.apache.http.client.ClientProtocolException
	at org.apache.http.impl.client.InternalHttpClient.doExecute(InternalHttpClient.java:187)
	at org.apache.http.impl.client.CloseableHttpClient.execute(CloseableHttpClient.java:83)
	at org.apache.http.impl.client.CloseableHttpClient.execute(CloseableHttpClient.java:108)
	at org.apache.http.impl.client.CloseableHttpClient.execute(CloseableHttpClient.java:56)
	at appfactory.utils.RestHelper.executeRequest(RestHelper.java:97)
	at appfactory.utils.RestHelper.executePostRequest(RestHelper.java:68)
	at appfactory.jenkins.Jenkins.getBuildUrl(Jenkins.java:104)
	at appfactory.tests.MultiTenant.executeBuild(MultiTenant.java:46)
	at appfactory.tests.BaseTest.testBuild(BaseTest.java:65)
	at appfactory.multitenant.Sanity.onlyAndroidMobile(Sanity.java:44)
	at java.util.concurrent.ThreadPoolExecutor.runWorker(ThreadPoolExecutor.java:1142)
	at java.util.concurrent.ThreadPoolExecutor$Worker.run(ThreadPoolExecutor.java:617)
	at java.lang.Thread.run(Thread.java:745)
Caused by: org.apache.http.ProtocolException: Target host is not specified
	at org.apache.http.impl.conn.DefaultRoutePlanner.determineRoute(DefaultRoutePlanner.java:71)
	at org.apache.http.impl.client.InternalHttpClient.determineRoute(InternalHttpClient.java:125)
	at org.apache.http.impl.client.InternalHttpClient.doExecute(InternalHttpClient.java:184)
	... 22 more
... Removed 10 stack frames]]>
    </failure>
  </testcase> <!-- onlyAndroidMobile -->
  <testcase name="allChannels" time="1.147" classname="appfactory.multitenant.Sanity">
    <failure type="org.apache.http.client.ClientProtocolException">
      <![CDATA[org.apache.http.client.ClientProtocolException
	at org.apache.http.impl.client.InternalHttpClient.doExecute(InternalHttpClient.java:187)
	at org.apache.http.impl.client.CloseableHttpClient.execute(CloseableHttpClient.java:83)
	at org.apache.http.impl.client.CloseableHttpClient.execute(CloseableHttpClient.java:108)
	at org.apache.http.impl.client.CloseableHttpClient.execute(CloseableHttpClient.java:56)
	at appfactory.utils.RestHelper.executeRequest(RestHelper.java:97)
	at appfactory.utils.RestHelper.executePostRequest(RestHelper.java:68)
	at appfactory.jenkins.Jenkins.getBuildUrl(Jenkins.java:104)
	at appfactory.tests.MultiTenant.executeBuild(MultiTenant.java:46)
	at appfactory.tests.BaseTest.testBuild(BaseTest.java:65)
	at appfactory.multitenant.Sanity.allChannels(Sanity.java:33)
	at java.util.concurrent.ThreadPoolExecutor.runWorker(ThreadPoolExecutor.java:1142)
	at java.util.concurrent.ThreadPoolExecutor$Worker.run(ThreadPoolExecutor.java:617)
	at java.lang.Thread.run(Thread.java:745)
Caused by: org.apache.http.ProtocolException: Target host is not specified
	at org.apache.http.impl.conn.DefaultRoutePlanner.determineRoute(DefaultRoutePlanner.java:71)
	at org.apache.http.impl.client.InternalHttpClient.determineRoute(InternalHttpClient.java:125)
	at org.apache.http.impl.client.InternalHttpClient.doExecute(InternalHttpClient.java:184)
	... 22 more
... Removed 10 stack frames]]>
    </failure>
  </testcase> <!-- allChannels -->
  <testcase name="onlyAndroidUniversal" time="1.125" classname="appfactory.multitenant.Sanity">
    <failure type="org.apache.http.client.ClientProtocolException">
      <![CDATA[org.apache.http.client.ClientProtocolException
	at org.apache.http.impl.client.InternalHttpClient.doExecute(InternalHttpClient.java:187)
	at org.apache.http.impl.client.CloseableHttpClient.execute(CloseableHttpClient.java:83)
	at org.apache.http.impl.client.CloseableHttpClient.execute(CloseableHttpClient.java:108)
	at org.apache.http.impl.client.CloseableHttpClient.execute(CloseableHttpClient.java:56)
	at appfactory.utils.RestHelper.executeRequest(RestHelper.java:97)
	at appfactory.utils.RestHelper.executePostRequest(RestHelper.java:68)
	at appfactory.jenkins.Jenkins.getBuildUrl(Jenkins.java:104)
	at appfactory.tests.MultiTenant.executeBuild(MultiTenant.java:46)
	at appfactory.tests.BaseTest.testBuild(BaseTest.java:65)
	at appfactory.multitenant.Sanity.onlyAndroidUniversal(Sanity.java:99)
	at java.util.concurrent.ThreadPoolExecutor.runWorker(ThreadPoolExecutor.java:1142)
	at java.util.concurrent.ThreadPoolExecutor$Worker.run(ThreadPoolExecutor.java:617)
	at java.lang.Thread.run(Thread.java:745)
Caused by: org.apache.http.ProtocolException: Target host is not specified
	at org.apache.http.impl.conn.DefaultRoutePlanner.determineRoute(DefaultRoutePlanner.java:71)
	at org.apache.http.impl.client.InternalHttpClient.determineRoute(InternalHttpClient.java:125)
	at org.apache.http.impl.client.InternalHttpClient.doExecute(InternalHttpClient.java:184)
	... 22 more
... Removed 10 stack frames]]>
    </failure>
  </testcase> <!-- onlyAndroidUniversal -->
  <testcase name="onlyAndroidTablet" time="1.161" classname="appfactory.multitenant.Sanity">
    <failure type="org.apache.http.client.ClientProtocolException">
      <![CDATA[org.apache.http.client.ClientProtocolException
	at org.apache.http.impl.client.InternalHttpClient.doExecute(InternalHttpClient.java:187)
	at org.apache.http.impl.client.CloseableHttpClient.execute(CloseableHttpClient.java:83)
	at org.apache.http.impl.client.CloseableHttpClient.execute(CloseableHttpClient.java:108)
	at org.apache.http.impl.client.CloseableHttpClient.execute(CloseableHttpClient.java:56)
	at appfactory.utils.RestHelper.executeRequest(RestHelper.java:97)
	at appfactory.utils.RestHelper.executePostRequest(RestHelper.java:68)
	at appfactory.jenkins.Jenkins.getBuildUrl(Jenkins.java:104)
	at appfactory.tests.MultiTenant.executeBuild(MultiTenant.java:46)
	at appfactory.tests.BaseTest.testBuild(BaseTest.java:65)
	at appfactory.multitenant.Sanity.onlyAndroidTablet(Sanity.java:66)
	at java.util.concurrent.ThreadPoolExecutor.runWorker(ThreadPoolExecutor.java:1142)
	at java.util.concurrent.ThreadPoolExecutor$Worker.run(ThreadPoolExecutor.java:617)
	at java.lang.Thread.run(Thread.java:745)
Caused by: org.apache.http.ProtocolException: Target host is not specified
	at org.apache.http.impl.conn.DefaultRoutePlanner.determineRoute(DefaultRoutePlanner.java:71)
	at org.apache.http.impl.client.InternalHttpClient.determineRoute(InternalHttpClient.java:125)
	at org.apache.http.impl.client.InternalHttpClient.doExecute(InternalHttpClient.java:184)
	... 22 more
... Removed 10 stack frames]]>
    </failure>
  </testcase> <!-- onlyAndroidTablet -->
  <testcase name="onlyiOSMobile" time="1.023" classname="appfactory.multitenant.Sanity">
    <failure type="org.apache.http.client.ClientProtocolException">
      <![CDATA[org.apache.http.client.ClientProtocolException
	at org.apache.http.impl.client.InternalHttpClient.doExecute(InternalHttpClient.java:187)
	at org.apache.http.impl.client.CloseableHttpClient.execute(CloseableHttpClient.java:83)
	at org.apache.http.impl.client.CloseableHttpClient.execute(CloseableHttpClient.java:108)
	at org.apache.http.impl.client.CloseableHttpClient.execute(CloseableHttpClient.java:56)
	at appfactory.utils.RestHelper.executeRequest(RestHelper.java:97)
	at appfactory.utils.RestHelper.executePostRequest(RestHelper.java:68)
	at appfactory.jenkins.Jenkins.getBuildUrl(Jenkins.java:104)
	at appfactory.tests.MultiTenant.executeBuild(MultiTenant.java:46)
	at appfactory.tests.BaseTest.testBuild(BaseTest.java:65)
	at appfactory.multitenant.Sanity.onlyiOSMobile(Sanity.java:55)
	at java.util.concurrent.ThreadPoolExecutor.runWorker(ThreadPoolExecutor.java:1142)
	at java.util.concurrent.ThreadPoolExecutor$Worker.run(ThreadPoolExecutor.java:617)
	at java.lang.Thread.run(Thread.java:745)
Caused by: org.apache.http.ProtocolException: Target host is not specified
	at org.apache.http.impl.conn.DefaultRoutePlanner.determineRoute(DefaultRoutePlanner.java:71)
	at org.apache.http.impl.client.InternalHttpClient.determineRoute(InternalHttpClient.java:125)
	at org.apache.http.impl.client.InternalHttpClient.doExecute(InternalHttpClient.java:184)
	... 22 more
... Removed 10 stack frames]]>
    </failure>
  </testcase> <!-- onlyiOSMobile -->
  <testcase name="onlyiOSTablet" time="1.009" classname="appfactory.multitenant.Sanity">
    <failure type="org.apache.http.client.ClientProtocolException">
      <![CDATA[org.apache.http.client.ClientProtocolException
	at org.apache.http.impl.client.InternalHttpClient.doExecute(InternalHttpClient.java:187)
	at org.apache.http.impl.client.CloseableHttpClient.execute(CloseableHttpClient.java:83)
	at org.apache.http.impl.client.CloseableHttpClient.execute(CloseableHttpClient.java:108)
	at org.apache.http.impl.client.CloseableHttpClient.execute(CloseableHttpClient.java:56)
	at appfactory.utils.RestHelper.executeRequest(RestHelper.java:97)
	at appfactory.utils.RestHelper.executePostRequest(RestHelper.java:68)
	at appfactory.jenkins.Jenkins.getBuildUrl(Jenkins.java:104)
	at appfactory.tests.MultiTenant.executeBuild(MultiTenant.java:46)
	at appfactory.tests.BaseTest.testBuild(BaseTest.java:65)
	at appfactory.multitenant.Sanity.onlyiOSTablet(Sanity.java:77)
	at java.util.concurrent.ThreadPoolExecutor.runWorker(ThreadPoolExecutor.java:1142)
	at java.util.concurrent.ThreadPoolExecutor$Worker.run(ThreadPoolExecutor.java:617)
	at java.lang.Thread.run(Thread.java:745)
Caused by: org.apache.http.ProtocolException: Target host is not specified
	at org.apache.http.impl.conn.DefaultRoutePlanner.determineRoute(DefaultRoutePlanner.java:71)
	at org.apache.http.impl.client.InternalHttpClient.determineRoute(InternalHttpClient.java:125)
	at org.apache.http.impl.client.InternalHttpClient.doExecute(InternalHttpClient.java:184)
	... 22 more
... Removed 10 stack frames]]>
    </failure>
  </testcase> <!-- onlyiOSTablet -->
  <testcase name="validateAndroidIosMobile" time="1.101" classname="appfactory.multitenant.Sanity">
    <failure type="org.apache.http.client.ClientProtocolException">
      <![CDATA[org.apache.http.client.ClientProtocolException
	at org.apache.http.impl.client.InternalHttpClient.doExecute(InternalHttpClient.java:187)
	at org.apache.http.impl.client.CloseableHttpClient.execute(CloseableHttpClient.java:83)
	at org.apache.http.impl.client.CloseableHttpClient.execute(CloseableHttpClient.java:108)
	at org.apache.http.impl.client.CloseableHttpClient.execute(CloseableHttpClient.java:56)
	at appfactory.utils.RestHelper.executeRequest(RestHelper.java:97)
	at appfactory.utils.RestHelper.executePostRequest(RestHelper.java:68)
	at appfactory.jenkins.Jenkins.getBuildUrl(Jenkins.java:104)
	at appfactory.tests.MultiTenant.executeBuild(MultiTenant.java:46)
	at appfactory.tests.BaseTest.testBuild(BaseTest.java:65)
	at appfactory.multitenant.Sanity.validateAndroidIosMobile(Sanity.java:161)
	at java.util.concurrent.ThreadPoolExecutor.runWorker(ThreadPoolExecutor.java:1142)
	at java.util.concurrent.ThreadPoolExecutor$Worker.run(ThreadPoolExecutor.java:617)
	at java.lang.Thread.run(Thread.java:745)
Caused by: org.apache.http.ProtocolException: Target host is not specified
	at org.apache.http.impl.conn.DefaultRoutePlanner.determineRoute(DefaultRoutePlanner.java:71)
	at org.apache.http.impl.client.InternalHttpClient.determineRoute(InternalHttpClient.java:125)
	at org.apache.http.impl.client.InternalHttpClient.doExecute(InternalHttpClient.java:184)
	... 22 more
... Removed 10 stack frames]]>
    </failure>
  </testcase> <!-- validateAndroidIosMobile -->
  <testcase name="onlyiOSUniversal" time="1.121" classname="appfactory.multitenant.Sanity">
    <failure type="org.apache.http.client.ClientProtocolException">
      <![CDATA[org.apache.http.client.ClientProtocolException
	at org.apache.http.impl.client.InternalHttpClient.doExecute(InternalHttpClient.java:187)
	at org.apache.http.impl.client.CloseableHttpClient.execute(CloseableHttpClient.java:83)
	at org.apache.http.impl.client.CloseableHttpClient.execute(CloseableHttpClient.java:108)
	at org.apache.http.impl.client.CloseableHttpClient.execute(CloseableHttpClient.java:56)
	at appfactory.utils.RestHelper.executeRequest(RestHelper.java:97)
	at appfactory.utils.RestHelper.executePostRequest(RestHelper.java:68)
	at appfactory.jenkins.Jenkins.getBuildUrl(Jenkins.java:104)
	at appfactory.tests.MultiTenant.executeBuild(MultiTenant.java:46)
	at appfactory.tests.BaseTest.testBuild(BaseTest.java:65)
	at appfactory.multitenant.Sanity.onlyiOSUniversal(Sanity.java:88)
	at java.util.concurrent.ThreadPoolExecutor.runWorker(ThreadPoolExecutor.java:1142)
	at java.util.concurrent.ThreadPoolExecutor$Worker.run(ThreadPoolExecutor.java:617)
	at java.lang.Thread.run(Thread.java:745)
Caused by: org.apache.http.ProtocolException: Target host is not specified
	at org.apache.http.impl.conn.DefaultRoutePlanner.determineRoute(DefaultRoutePlanner.java:71)
	at org.apache.http.impl.client.InternalHttpClient.determineRoute(InternalHttpClient.java:125)
	at org.apache.http.impl.client.InternalHttpClient.doExecute(InternalHttpClient.java:184)
	... 22 more
... Removed 10 stack frames]]>
    </failure>
  </testcase> <!-- onlyiOSUniversal -->
  <testcase name="validateAndroidIosTablet" time="0.988" classname="appfactory.multitenant.Sanity">
    <failure type="org.apache.http.client.ClientProtocolException">
      <![CDATA[org.apache.http.client.ClientProtocolException
	at org.apache.http.impl.client.InternalHttpClient.doExecute(InternalHttpClient.java:187)
	at org.apache.http.impl.client.CloseableHttpClient.execute(CloseableHttpClient.java:83)
	at org.apache.http.impl.client.CloseableHttpClient.execute(CloseableHttpClient.java:108)
	at org.apache.http.impl.client.CloseableHttpClient.execute(CloseableHttpClient.java:56)
	at appfactory.utils.RestHelper.executeRequest(RestHelper.java:97)
	at appfactory.utils.RestHelper.executePostRequest(RestHelper.java:68)
	at appfactory.jenkins.Jenkins.getBuildUrl(Jenkins.java:104)
	at appfactory.tests.MultiTenant.executeBuild(MultiTenant.java:46)
	at appfactory.tests.BaseTest.testBuild(BaseTest.java:65)
	at appfactory.multitenant.Sanity.validateAndroidIosTablet(Sanity.java:173)
	at java.util.concurrent.ThreadPoolExecutor.runWorker(ThreadPoolExecutor.java:1142)
	at java.util.concurrent.ThreadPoolExecutor$Worker.run(ThreadPoolExecutor.java:617)
	at java.lang.Thread.run(Thread.java:745)
Caused by: org.apache.http.ProtocolException: Target host is not specified
	at org.apache.http.impl.conn.DefaultRoutePlanner.determineRoute(DefaultRoutePlanner.java:71)
	at org.apache.http.impl.client.InternalHttpClient.determineRoute(InternalHttpClient.java:125)
	at org.apache.http.impl.client.InternalHttpClient.doExecute(InternalHttpClient.java:184)
	... 22 more
... Removed 10 stack frames]]>
    </failure>
  </testcase> <!-- validateAndroidIosTablet -->
  <testcase name="validateAndroidIosUniversal" time="1.008" classname="appfactory.multitenant.Sanity">
    <failure type="org.apache.http.client.ClientProtocolException">
      <![CDATA[org.apache.http.client.ClientProtocolException
	at org.apache.http.impl.client.InternalHttpClient.doExecute(InternalHttpClient.java:187)
	at org.apache.http.impl.client.CloseableHttpClient.execute(CloseableHttpClient.java:83)
	at org.apache.http.impl.client.CloseableHttpClient.execute(CloseableHttpClient.java:108)
	at org.apache.http.impl.client.CloseableHttpClient.execute(CloseableHttpClient.java:56)
	at appfactory.utils.RestHelper.executeRequest(RestHelper.java:97)
	at appfactory.utils.RestHelper.executePostRequest(RestHelper.java:68)
	at appfactory.jenkins.Jenkins.getBuildUrl(Jenkins.java:104)
	at appfactory.tests.MultiTenant.executeBuild(MultiTenant.java:46)
	at appfactory.tests.BaseTest.testBuild(BaseTest.java:65)
	at appfactory.multitenant.Sanity.validateAndroidIosUniversal(Sanity.java:149)
	at java.util.concurrent.ThreadPoolExecutor.runWorker(ThreadPoolExecutor.java:1142)
	at java.util.concurrent.ThreadPoolExecutor$Worker.run(ThreadPoolExecutor.java:617)
	at java.lang.Thread.run(Thread.java:745)
Caused by: org.apache.http.ProtocolException: Target host is not specified
	at org.apache.http.impl.conn.DefaultRoutePlanner.determineRoute(DefaultRoutePlanner.java:71)
	at org.apache.http.impl.client.InternalHttpClient.determineRoute(InternalHttpClient.java:125)
	at org.apache.http.impl.client.InternalHttpClient.doExecute(InternalHttpClient.java:184)
	... 22 more
... Removed 10 stack frames]]>
    </failure>
  </testcase> <!-- validateAndroidIosUniversal -->
  <testcase name="validateAndroidMobileIosTablet" time="1.107" classname="appfactory.multitenant.Sanity">
    <failure type="org.apache.http.client.ClientProtocolException">
      <![CDATA[org.apache.http.client.ClientProtocolException
	at org.apache.http.impl.client.InternalHttpClient.doExecute(InternalHttpClient.java:187)
	at org.apache.http.impl.client.CloseableHttpClient.execute(CloseableHttpClient.java:83)
	at org.apache.http.impl.client.CloseableHttpClient.execute(CloseableHttpClient.java:108)
	at org.apache.http.impl.client.CloseableHttpClient.execute(CloseableHttpClient.java:56)
	at appfactory.utils.RestHelper.executeRequest(RestHelper.java:97)
	at appfactory.utils.RestHelper.executePostRequest(RestHelper.java:68)
	at appfactory.jenkins.Jenkins.getBuildUrl(Jenkins.java:104)
	at appfactory.tests.MultiTenant.executeBuild(MultiTenant.java:46)
	at appfactory.tests.BaseTest.testBuild(BaseTest.java:65)
	at appfactory.multitenant.Sanity.validateAndroidMobileIosTablet(Sanity.java:197)
	at java.util.concurrent.ThreadPoolExecutor.runWorker(ThreadPoolExecutor.java:1142)
	at java.util.concurrent.ThreadPoolExecutor$Worker.run(ThreadPoolExecutor.java:617)
	at java.lang.Thread.run(Thread.java:745)
Caused by: org.apache.http.ProtocolException: Target host is not specified
	at org.apache.http.impl.conn.DefaultRoutePlanner.determineRoute(DefaultRoutePlanner.java:71)
	at org.apache.http.impl.client.InternalHttpClient.determineRoute(InternalHttpClient.java:125)
	at org.apache.http.impl.client.InternalHttpClient.doExecute(InternalHttpClient.java:184)
	... 22 more
... Removed 10 stack frames]]>
    </failure>
  </testcase> <!-- validateAndroidMobileIosTablet -->
  <testcase name="validateAndroidMobileAndUniversal" time="1.143" classname="appfactory.multitenant.Sanity">
    <failure type="org.apache.http.client.ClientProtocolException">
      <![CDATA[org.apache.http.client.ClientProtocolException
	at org.apache.http.impl.client.InternalHttpClient.doExecute(InternalHttpClient.java:187)
	at org.apache.http.impl.client.CloseableHttpClient.execute(CloseableHttpClient.java:83)
	at org.apache.http.impl.client.CloseableHttpClient.execute(CloseableHttpClient.java:108)
	at org.apache.http.impl.client.CloseableHttpClient.execute(CloseableHttpClient.java:56)
	at appfactory.utils.RestHelper.executeRequest(RestHelper.java:97)
	at appfactory.utils.RestHelper.executePostRequest(RestHelper.java:68)
	at appfactory.jenkins.Jenkins.getBuildUrl(Jenkins.java:104)
	at appfactory.tests.MultiTenant.executeBuild(MultiTenant.java:46)
	at appfactory.tests.BaseTest.testBuild(BaseTest.java:65)
	at appfactory.multitenant.Sanity.validateAndroidMobileAndUniversal(Sanity.java:111)
	at java.util.concurrent.ThreadPoolExecutor.runWorker(ThreadPoolExecutor.java:1142)
	at java.util.concurrent.ThreadPoolExecutor$Worker.run(ThreadPoolExecutor.java:617)
	at java.lang.Thread.run(Thread.java:745)
Caused by: org.apache.http.ProtocolException: Target host is not specified
	at org.apache.http.impl.conn.DefaultRoutePlanner.determineRoute(DefaultRoutePlanner.java:71)
	at org.apache.http.impl.client.InternalHttpClient.determineRoute(InternalHttpClient.java:125)
	at org.apache.http.impl.client.InternalHttpClient.doExecute(InternalHttpClient.java:184)
	... 22 more
... Removed 10 stack frames]]>
    </failure>
  </testcase> <!-- validateAndroidMobileAndUniversal -->
  <testcase name="validateAndroidTabletIosMobile" time="1.075" classname="appfactory.multitenant.Sanity">
    <failure type="org.apache.http.client.ClientProtocolException">
      <![CDATA[org.apache.http.client.ClientProtocolException
	at org.apache.http.impl.client.InternalHttpClient.doExecute(InternalHttpClient.java:187)
	at org.apache.http.impl.client.CloseableHttpClient.execute(CloseableHttpClient.java:83)
	at org.apache.http.impl.client.CloseableHttpClient.execute(CloseableHttpClient.java:108)
	at org.apache.http.impl.client.CloseableHttpClient.execute(CloseableHttpClient.java:56)
	at appfactory.utils.RestHelper.executeRequest(RestHelper.java:97)
	at appfactory.utils.RestHelper.executePostRequest(RestHelper.java:68)
	at appfactory.jenkins.Jenkins.getBuildUrl(Jenkins.java:104)
	at appfactory.tests.MultiTenant.executeBuild(MultiTenant.java:46)
	at appfactory.tests.BaseTest.testBuild(BaseTest.java:65)
	at appfactory.multitenant.Sanity.validateAndroidTabletIosMobile(Sanity.java:185)
	at java.util.concurrent.ThreadPoolExecutor.runWorker(ThreadPoolExecutor.java:1142)
	at java.util.concurrent.ThreadPoolExecutor$Worker.run(ThreadPoolExecutor.java:617)
	at java.lang.Thread.run(Thread.java:745)
Caused by: org.apache.http.ProtocolException: Target host is not specified
	at org.apache.http.impl.conn.DefaultRoutePlanner.determineRoute(DefaultRoutePlanner.java:71)
	at org.apache.http.impl.client.InternalHttpClient.determineRoute(InternalHttpClient.java:125)
	at org.apache.http.impl.client.InternalHttpClient.doExecute(InternalHttpClient.java:184)
	... 22 more
... Removed 10 stack frames]]>
    </failure>
  </testcase> <!-- validateAndroidTabletIosMobile -->
  <testcase name="validateAndroidMobileIosUniversal" time="1.088" classname="appfactory.multitenant.Sanity">
    <failure type="org.apache.http.client.ClientProtocolException">
      <![CDATA[org.apache.http.client.ClientProtocolException
	at org.apache.http.impl.client.InternalHttpClient.doExecute(InternalHttpClient.java:187)
	at org.apache.http.impl.client.CloseableHttpClient.execute(CloseableHttpClient.java:83)
	at org.apache.http.impl.client.CloseableHttpClient.execute(CloseableHttpClient.java:108)
	at org.apache.http.impl.client.CloseableHttpClient.execute(CloseableHttpClient.java:56)
	at appfactory.utils.RestHelper.executeRequest(RestHelper.java:97)
	at appfactory.utils.RestHelper.executePostRequest(RestHelper.java:68)
	at appfactory.jenkins.Jenkins.getBuildUrl(Jenkins.java:104)
	at appfactory.tests.MultiTenant.executeBuild(MultiTenant.java:46)
	at appfactory.tests.BaseTest.testBuild(BaseTest.java:65)
	at appfactory.multitenant.Sanity.validateAndroidMobileIosUniversal(Sanity.java:233)
	at java.util.concurrent.ThreadPoolExecutor.runWorker(ThreadPoolExecutor.java:1142)
	at java.util.concurrent.ThreadPoolExecutor$Worker.run(ThreadPoolExecutor.java:617)
	at java.lang.Thread.run(Thread.java:745)
Caused by: org.apache.http.ProtocolException: Target host is not specified
	at org.apache.http.impl.conn.DefaultRoutePlanner.determineRoute(DefaultRoutePlanner.java:71)
	at org.apache.http.impl.client.InternalHttpClient.determineRoute(InternalHttpClient.java:125)
	at org.apache.http.impl.client.InternalHttpClient.doExecute(InternalHttpClient.java:184)
	... 22 more
... Removed 10 stack frames]]>
    </failure>
  </testcase> <!-- validateAndroidMobileIosUniversal -->
  <testcase name="validateAndroidUniversalIosMobile" time="0.984" classname="appfactory.multitenant.Sanity">
    <failure type="org.apache.http.client.ClientProtocolException">
      <![CDATA[org.apache.http.client.ClientProtocolException
	at org.apache.http.impl.client.InternalHttpClient.doExecute(InternalHttpClient.java:187)
	at org.apache.http.impl.client.CloseableHttpClient.execute(CloseableHttpClient.java:83)
	at org.apache.http.impl.client.CloseableHttpClient.execute(CloseableHttpClient.java:108)
	at org.apache.http.impl.client.CloseableHttpClient.execute(CloseableHttpClient.java:56)
	at appfactory.utils.RestHelper.executeRequest(RestHelper.java:97)
	at appfactory.utils.RestHelper.executePostRequest(RestHelper.java:68)
	at appfactory.jenkins.Jenkins.getBuildUrl(Jenkins.java:104)
	at appfactory.tests.MultiTenant.executeBuild(MultiTenant.java:46)
	at appfactory.tests.BaseTest.testBuild(BaseTest.java:65)
	at appfactory.multitenant.Sanity.validateAndroidUniversalIosMobile(Sanity.java:221)
	at java.util.concurrent.ThreadPoolExecutor.runWorker(ThreadPoolExecutor.java:1142)
	at java.util.concurrent.ThreadPoolExecutor$Worker.run(ThreadPoolExecutor.java:617)
	at java.lang.Thread.run(Thread.java:745)
Caused by: org.apache.http.ProtocolException: Target host is not specified
	at org.apache.http.impl.conn.DefaultRoutePlanner.determineRoute(DefaultRoutePlanner.java:71)
	at org.apache.http.impl.client.InternalHttpClient.determineRoute(InternalHttpClient.java:125)
	at org.apache.http.impl.client.InternalHttpClient.doExecute(InternalHttpClient.java:184)
	... 22 more
... Removed 10 stack frames]]>
    </failure>
  </testcase> <!-- validateAndroidUniversalIosMobile -->
  <testcase name="validateAndroidTabletIosUniversal" time="1.197" classname="appfactory.multitenant.Sanity">
    <failure type="org.apache.http.client.ClientProtocolException">
      <![CDATA[org.apache.http.client.ClientProtocolException
	at org.apache.http.impl.client.InternalHttpClient.doExecute(InternalHttpClient.java:187)
	at org.apache.http.impl.client.CloseableHttpClient.execute(CloseableHttpClient.java:83)
	at org.apache.http.impl.client.CloseableHttpClient.execute(CloseableHttpClient.java:108)
	at org.apache.http.impl.client.CloseableHttpClient.execute(CloseableHttpClient.java:56)
	at appfactory.utils.RestHelper.executeRequest(RestHelper.java:97)
	at appfactory.utils.RestHelper.executePostRequest(RestHelper.java:68)
	at appfactory.jenkins.Jenkins.getBuildUrl(Jenkins.java:104)
	at appfactory.tests.MultiTenant.executeBuild(MultiTenant.java:46)
	at appfactory.tests.BaseTest.testBuild(BaseTest.java:65)
	at appfactory.multitenant.Sanity.validateAndroidTabletIosUniversal(Sanity.java:245)
	at java.util.concurrent.ThreadPoolExecutor.runWorker(ThreadPoolExecutor.java:1142)
	at java.util.concurrent.ThreadPoolExecutor$Worker.run(ThreadPoolExecutor.java:617)
	at java.lang.Thread.run(Thread.java:745)
Caused by: org.apache.http.ProtocolException: Target host is not specified
	at org.apache.http.impl.conn.DefaultRoutePlanner.determineRoute(DefaultRoutePlanner.java:71)
	at org.apache.http.impl.client.InternalHttpClient.determineRoute(InternalHttpClient.java:125)
	at org.apache.http.impl.client.InternalHttpClient.doExecute(InternalHttpClient.java:184)
	... 22 more
... Removed 10 stack frames]]>
    </failure>
  </testcase> <!-- validateAndroidTabletIosUniversal -->
  <testcase name="validateAndroidUniversalIosTablet" time="0.968" classname="appfactory.multitenant.Sanity">
    <failure type="org.apache.http.client.ClientProtocolException">
      <![CDATA[org.apache.http.client.ClientProtocolException
	at org.apache.http.impl.client.InternalHttpClient.doExecute(InternalHttpClient.java:187)
	at org.apache.http.impl.client.CloseableHttpClient.execute(CloseableHttpClient.java:83)
	at org.apache.http.impl.client.CloseableHttpClient.execute(CloseableHttpClient.java:108)
	at org.apache.http.impl.client.CloseableHttpClient.execute(CloseableHttpClient.java:56)
	at appfactory.utils.RestHelper.executeRequest(RestHelper.java:97)
	at appfactory.utils.RestHelper.executePostRequest(RestHelper.java:68)
	at appfactory.jenkins.Jenkins.getBuildUrl(Jenkins.java:104)
	at appfactory.tests.MultiTenant.executeBuild(MultiTenant.java:46)
	at appfactory.tests.BaseTest.testBuild(BaseTest.java:65)
	at appfactory.multitenant.Sanity.validateAndroidUniversalIosTablet(Sanity.java:209)
	at java.util.concurrent.ThreadPoolExecutor.runWorker(ThreadPoolExecutor.java:1142)
	at java.util.concurrent.ThreadPoolExecutor$Worker.run(ThreadPoolExecutor.java:617)
	at java.lang.Thread.run(Thread.java:745)
Caused by: org.apache.http.ProtocolException: Target host is not specified
	at org.apache.http.impl.conn.DefaultRoutePlanner.determineRoute(DefaultRoutePlanner.java:71)
	at org.apache.http.impl.client.InternalHttpClient.determineRoute(InternalHttpClient.java:125)
	at org.apache.http.impl.client.InternalHttpClient.doExecute(InternalHttpClient.java:184)
	... 22 more
... Removed 10 stack frames]]>
    </failure>
  </testcase> <!-- validateAndroidUniversalIosTablet -->
  <testcase name="validateIosWithInvalidCreds" time="1.003" classname="appfactory.multitenant.Sanity">
    <failure type="org.apache.http.client.ClientProtocolException">
      <![CDATA[org.apache.http.client.ClientProtocolException
	at org.apache.http.impl.client.InternalHttpClient.doExecute(InternalHttpClient.java:187)
	at org.apache.http.impl.client.CloseableHttpClient.execute(CloseableHttpClient.java:83)
	at org.apache.http.impl.client.CloseableHttpClient.execute(CloseableHttpClient.java:108)
	at org.apache.http.impl.client.CloseableHttpClient.execute(CloseableHttpClient.java:56)
	at appfactory.utils.RestHelper.executeRequest(RestHelper.java:97)
	at appfactory.utils.RestHelper.executePostRequest(RestHelper.java:68)
	at appfactory.jenkins.Jenkins.getBuildUrl(Jenkins.java:104)
	at appfactory.tests.MultiTenant.executeBuild(MultiTenant.java:46)
	at appfactory.tests.BaseTest.testBuild(BaseTest.java:65)
	at appfactory.multitenant.Sanity.validateIosWithInvalidCreds(Sanity.java:257)
	at java.util.concurrent.ThreadPoolExecutor.runWorker(ThreadPoolExecutor.java:1142)
	at java.util.concurrent.ThreadPoolExecutor$Worker.run(ThreadPoolExecutor.java:617)
	at java.lang.Thread.run(Thread.java:745)
Caused by: org.apache.http.ProtocolException: Target host is not specified
	at org.apache.http.impl.conn.DefaultRoutePlanner.determineRoute(DefaultRoutePlanner.java:71)
	at org.apache.http.impl.client.InternalHttpClient.determineRoute(InternalHttpClient.java:125)
	at org.apache.http.impl.client.InternalHttpClient.doExecute(InternalHttpClient.java:184)
	... 22 more
... Removed 10 stack frames]]>
    </failure>
  </testcase> <!-- validateIosWithInvalidCreds -->
  <testcase name="validateMissingProjectDetails" time="1.025" classname="appfactory.multitenant.Sanity">
    <failure type="org.apache.http.client.ClientProtocolException">
      <![CDATA[org.apache.http.client.ClientProtocolException
	at org.apache.http.impl.client.InternalHttpClient.doExecute(InternalHttpClient.java:187)
	at org.apache.http.impl.client.CloseableHttpClient.execute(CloseableHttpClient.java:83)
	at org.apache.http.impl.client.CloseableHttpClient.execute(CloseableHttpClient.java:108)
	at org.apache.http.impl.client.CloseableHttpClient.execute(CloseableHttpClient.java:56)
	at appfactory.utils.RestHelper.executeRequest(RestHelper.java:97)
	at appfactory.utils.RestHelper.executePostRequest(RestHelper.java:68)
	at appfactory.jenkins.Jenkins.getBuildUrl(Jenkins.java:104)
	at appfactory.tests.MultiTenant.executeBuild(MultiTenant.java:46)
	at appfactory.tests.BaseTest.testBuild(BaseTest.java:65)
	at appfactory.multitenant.Sanity.validateMissingProjectDetails(Sanity.java:135)
	at java.util.concurrent.ThreadPoolExecutor.runWorker(ThreadPoolExecutor.java:1142)
	at java.util.concurrent.ThreadPoolExecutor$Worker.run(ThreadPoolExecutor.java:617)
	at java.lang.Thread.run(Thread.java:745)
Caused by: org.apache.http.ProtocolException: Target host is not specified
	at org.apache.http.impl.conn.DefaultRoutePlanner.determineRoute(DefaultRoutePlanner.java:71)
	at org.apache.http.impl.client.InternalHttpClient.determineRoute(InternalHttpClient.java:125)
	at org.apache.http.impl.client.InternalHttpClient.doExecute(InternalHttpClient.java:184)
	... 22 more
... Removed 10 stack frames]]>
    </failure>
  </testcase> <!-- validateMissingProjectDetails -->
  <testcase name="validateiOSMobileAndUniversal" time="1.034" classname="appfactory.multitenant.Sanity">
    <failure type="org.apache.http.client.ClientProtocolException">
      <![CDATA[org.apache.http.client.ClientProtocolException
	at org.apache.http.impl.client.InternalHttpClient.doExecute(InternalHttpClient.java:187)
	at org.apache.http.impl.client.CloseableHttpClient.execute(CloseableHttpClient.java:83)
	at org.apache.http.impl.client.CloseableHttpClient.execute(CloseableHttpClient.java:108)
	at org.apache.http.impl.client.CloseableHttpClient.execute(CloseableHttpClient.java:56)
	at appfactory.utils.RestHelper.executeRequest(RestHelper.java:97)
	at appfactory.utils.RestHelper.executePostRequest(RestHelper.java:68)
	at appfactory.jenkins.Jenkins.getBuildUrl(Jenkins.java:104)
	at appfactory.tests.MultiTenant.executeBuild(MultiTenant.java:46)
	at appfactory.tests.BaseTest.testBuild(BaseTest.java:65)
	at appfactory.multitenant.Sanity.validateiOSMobileAndUniversal(Sanity.java:123)
	at java.util.concurrent.ThreadPoolExecutor.runWorker(ThreadPoolExecutor.java:1142)
	at java.util.concurrent.ThreadPoolExecutor$Worker.run(ThreadPoolExecutor.java:617)
	at java.lang.Thread.run(Thread.java:745)
Caused by: org.apache.http.ProtocolException: Target host is not specified
	at org.apache.http.impl.conn.DefaultRoutePlanner.determineRoute(DefaultRoutePlanner.java:71)
	at org.apache.http.impl.client.InternalHttpClient.determineRoute(InternalHttpClient.java:125)
	at org.apache.http.impl.client.InternalHttpClient.doExecute(InternalHttpClient.java:184)
	... 22 more
... Removed 10 stack frames]]>
    </failure>
  </testcase> <!-- validateiOSMobileAndUniversal -->
  <testcase name="testCase" time="1.03" classname="appfactory.multitenant.TestCase1">
    <failure type="org.apache.http.client.ClientProtocolException">
      <![CDATA[org.apache.http.client.ClientProtocolException
	at org.apache.http.impl.client.InternalHttpClient.doExecute(InternalHttpClient.java:187)
	at org.apache.http.impl.client.CloseableHttpClient.execute(CloseableHttpClient.java:83)
	at org.apache.http.impl.client.CloseableHttpClient.execute(CloseableHttpClient.java:108)
	at org.apache.http.impl.client.CloseableHttpClient.execute(CloseableHttpClient.java:56)
	at appfactory.utils.RestHelper.executeRequest(RestHelper.java:97)
	at appfactory.utils.RestHelper.executePostRequest(RestHelper.java:68)
	at appfactory.jenkins.Jenkins.getBuildUrl(Jenkins.java:104)
	at appfactory.tests.MultiTenant.executeBuild(MultiTenant.java:46)
	at appfactory.tests.BaseTest.testBuild(BaseTest.java:65)
	at appfactory.multitenant.TestCase1.testCase(TestCase1.java:28)
	at java.util.concurrent.ThreadPoolExecutor.runWorker(ThreadPoolExecutor.java:1142)
	at java.util.concurrent.ThreadPoolExecutor$Worker.run(ThreadPoolExecutor.java:617)
	at java.lang.Thread.run(Thread.java:745)
Caused by: org.apache.http.ProtocolException: Target host is not specified
	at org.apache.http.impl.conn.DefaultRoutePlanner.determineRoute(DefaultRoutePlanner.java:71)
	at org.apache.http.impl.client.InternalHttpClient.determineRoute(InternalHttpClient.java:125)
	at org.apache.http.impl.client.InternalHttpClient.doExecute(InternalHttpClient.java:184)
	... 22 more
... Removed 10 stack frames]]>
    </failure>
  </testcase> <!-- testCase -->
</testsuite> <!-- Test -->
