<?xml version="1.0" encoding="UTF-8"?>
<testsuite xmlns:xsi="http://www.w3.org/2001/XMLSchema-instance" xsi:schemaLocation="https://maven.apache.org/surefire/maven-surefire-plugin/xsd/surefire-test-report.xsd" name="TestSuite" time="36.495" tests="21" errors="0" skipped="0" failures="21">
  <properties>
[...]
</properties>
  <testcase name="onlyAndroidMobile" classname="appfactory.multitenant.Sanity" time="1.131">
    <failure type="org.apache.http.client.ClientProtocolException">org.apache.http.client.ClientProtocolException
	at appfactory.multitenant.Sanity.onlyAndroidMobile(Sanity.java:44)
Caused by: org.apache.http.ProtocolException: Target host is not specified
	at appfactory.multitenant.Sanity.onlyAndroidMobile(Sanity.java:44)
</failure>
    <system-out><![CDATA[This is the status line HTTP/1.1 404 Not Found
]]></system-out>
  </testcase>
  <testcase name="allChannels" classname="appfactory.multitenant.Sanity" time="0.014">
    <failure type="org.apache.http.client.ClientProtocolException">org.apache.http.client.ClientProtocolException
	at appfactory.multitenant.Sanity.allChannels(Sanity.java:33)
Caused by: org.apache.http.ProtocolException: Target host is not specified
	at appfactory.multitenant.Sanity.allChannels(Sanity.java:33)
</failure>
  </testcase>
  <testcase name="onlyAndroidUniversal" classname="appfactory.multitenant.Sanity" time="1.125">
    <failure type="org.apache.http.client.ClientProtocolException">org.apache.http.client.ClientProtocolException
	at appfactory.multitenant.Sanity.onlyAndroidUniversal(Sanity.java:99)
Caused by: org.apache.http.ProtocolException: Target host is not specified
	at appfactory.multitenant.Sanity.onlyAndroidUniversal(Sanity.java:99)
</failure>
  </testcase>
  <testcase name="onlyAndroidTablet" classname="appfactory.multitenant.Sanity" time="0.02">
    <failure type="org.apache.http.client.ClientProtocolException">org.apache.http.client.ClientProtocolException
	at appfactory.multitenant.Sanity.onlyAndroidTablet(Sanity.java:66)
Caused by: org.apache.http.ProtocolException: Target host is not specified
	at appfactory.multitenant.Sanity.onlyAndroidTablet(Sanity.java:66)
</failure>
  </testcase>
  <testcase name="onlyiOSMobile" classname="appfactory.multitenant.Sanity" time="1.002">
    <failure type="org.apache.http.client.ClientProtocolException">org.apache.http.client.ClientProtocolException
	at appfactory.multitenant.Sanity.onlyiOSMobile(Sanity.java:55)
Caused by: org.apache.http.ProtocolException: Target host is not specified
	at appfactory.multitenant.Sanity.onlyiOSMobile(Sanity.java:55)
</failure>
  </testcase>
  <testcase name="onlyiOSTablet" classname="appfactory.multitenant.Sanity" time="0.006">
    <failure type="org.apache.http.client.ClientProtocolException">org.apache.http.client.ClientProtocolException
	at appfactory.multitenant.Sanity.onlyiOSTablet(Sanity.java:77)
Caused by: org.apache.http.ProtocolException: Target host is not specified
	at appfactory.multitenant.Sanity.onlyiOSTablet(Sanity.java:77)
</failure>
  </testcase>
  <testcase name="validateAndroidIosMobile" classname="appfactory.multitenant.Sanity" time="1.102">
    <failure type="org.apache.http.client.ClientProtocolException">org.apache.http.client.ClientProtocolException
	at appfactory.multitenant.Sanity.validateAndroidIosMobile(Sanity.java:161)
Caused by: org.apache.http.ProtocolException: Target host is not specified
	at appfactory.multitenant.Sanity.validateAndroidIosMobile(Sanity.java:161)
</failure>
  </testcase>
  <testcase name="onlyiOSUniversal" classname="appfactory.multitenant.Sanity" time="0.011">
    <failure type="org.apache.http.client.ClientProtocolException">org.apache.http.client.ClientProtocolException
	at appfactory.multitenant.Sanity.onlyiOSUniversal(Sanity.java:88)
Caused by: org.apache.http.ProtocolException: Target host is not specified
	at appfactory.multitenant.Sanity.onlyiOSUniversal(Sanity.java:88)
</failure>
  </testcase>
  <testcase name="validateAndroidIosTablet" classname="appfactory.multitenant.Sanity" time="0.976">
    <failure type="org.apache.http.client.ClientProtocolException">org.apache.http.client.ClientProtocolException
	at appfactory.multitenant.Sanity.validateAndroidIosTablet(Sanity.java:173)
Caused by: org.apache.http.ProtocolException: Target host is not specified
	at appfactory.multitenant.Sanity.validateAndroidIosTablet(Sanity.java:173)
</failure>
  </testcase>
  <testcase name="validateAndroidIosUniversal" classname="appfactory.multitenant.Sanity" time="0.031">
    <failure type="org.apache.http.client.ClientProtocolException">org.apache.http.client.ClientProtocolException
	at appfactory.multitenant.Sanity.validateAndroidIosUniversal(Sanity.java:149)
Caused by: org.apache.http.ProtocolException: Target host is not specified
	at appfactory.multitenant.Sanity.validateAndroidIosUniversal(Sanity.java:149)
</failure>
  </testcase>
  <testcase name="validateAndroidMobileIosTablet" classname="appfactory.multitenant.Sanity" time="1.107">
    <failure type="org.apache.http.client.ClientProtocolException">org.apache.http.client.ClientProtocolException
	at appfactory.multitenant.Sanity.validateAndroidMobileIosTablet(Sanity.java:197)
Caused by: org.apache.http.ProtocolException: Target host is not specified
	at appfactory.multitenant.Sanity.validateAndroidMobileIosTablet(Sanity.java:197)
</failure>
  </testcase>
  <testcase name="validateAndroidMobileAndUniversal" classname="appfactory.multitenant.Sanity" time="0.005">
    <failure type="org.apache.http.client.ClientProtocolException">org.apache.http.client.ClientProtocolException
	at appfactory.multitenant.Sanity.validateAndroidMobileAndUniversal(Sanity.java:111)
Caused by: org.apache.http.ProtocolException: Target host is not specified
	at appfactory.multitenant.Sanity.validateAndroidMobileAndUniversal(Sanity.java:111)
</failure>
  </testcase>
  <testcase name="validateAndroidTabletIosMobile" classname="appfactory.multitenant.Sanity" time="1.076">
    <failure type="org.apache.http.client.ClientProtocolException">org.apache.http.client.ClientProtocolException
	at appfactory.multitenant.Sanity.validateAndroidTabletIosMobile(Sanity.java:185)
Caused by: org.apache.http.ProtocolException: Target host is not specified
	at appfactory.multitenant.Sanity.validateAndroidTabletIosMobile(Sanity.java:185)
</failure>
  </testcase>
  <testcase name="validateAndroidMobileIosUniversal" classname="appfactory.multitenant.Sanity" time="0.008">
    <failure type="org.apache.http.client.ClientProtocolException">org.apache.http.client.ClientProtocolException
	at appfactory.multitenant.Sanity.validateAndroidMobileIosUniversal(Sanity.java:233)
Caused by: org.apache.http.ProtocolException: Target host is not specified
	at appfactory.multitenant.Sanity.validateAndroidMobileIosUniversal(Sanity.java:233)
</failure>
  </testcase>
  <testcase name="validateAndroidUniversalIosMobile" classname="appfactory.multitenant.Sanity" time="0.983">
    <failure type="org.apache.http.client.ClientProtocolException">org.apache.http.client.ClientProtocolException
	at appfactory.multitenant.Sanity.validateAndroidUniversalIosMobile(Sanity.java:221)
Caused by: org.apache.http.ProtocolException: Target host is not specified
	at appfactory.multitenant.Sanity.validateAndroidUniversalIosMobile(Sanity.java:221)
</failure>
  </testcase>
  <testcase name="validateAndroidTabletIosUniversal" classname="appfactory.multitenant.Sanity" time="0.204">
    <failure type="org.apache.http.client.ClientProtocolException">org.apache.http.client.ClientProtocolException
	at appfactory.multitenant.Sanity.validateAndroidTabletIosUniversal(Sanity.java:245)
Caused by: org.apache.http.ProtocolException: Target host is not specified
	at appfactory.multitenant.Sanity.validateAndroidTabletIosUniversal(Sanity.java:245)
</failure>
  </testcase>
  <testcase name="validateAndroidUniversalIosTablet" classname="appfactory.multitenant.Sanity" time="0.765">
    <failure type="org.apache.http.client.ClientProtocolException">org.apache.http.client.ClientProtocolException
	at appfactory.multitenant.Sanity.validateAndroidUniversalIosTablet(Sanity.java:209)
Caused by: org.apache.http.ProtocolException: Target host is not specified
	at appfactory.multitenant.Sanity.validateAndroidUniversalIosTablet(Sanity.java:209)
</failure>
  </testcase>
  <testcase name="validateIosWithInvalidCreds" classname="appfactory.multitenant.Sanity" time="0.238">
    <failure type="org.apache.http.client.ClientProtocolException">org.apache.http.client.ClientProtocolException
	at appfactory.multitenant.Sanity.validateIosWithInvalidCreds(Sanity.java:257)
Caused by: org.apache.http.ProtocolException: Target host is not specified
	at appfactory.multitenant.Sanity.validateIosWithInvalidCreds(Sanity.java:257)
</failure>
  </testcase>
  <testcase name="validateMissingProjectDetails" classname="appfactory.multitenant.Sanity" time="0.786">
    <failure type="org.apache.http.client.ClientProtocolException">org.apache.http.client.ClientProtocolException
	at appfactory.multitenant.Sanity.validateMissingProjectDetails(Sanity.java:135)
Caused by: org.apache.http.ProtocolException: Target host is not specified
	at appfactory.multitenant.Sanity.validateMissingProjectDetails(Sanity.java:135)
</failure>
  </testcase>
  <testcase name="validateiOSMobileAndUniversal" classname="appfactory.multitenant.Sanity" time="0.247">
    <failure type="org.apache.http.client.ClientProtocolException">org.apache.http.client.ClientProtocolException
	at appfactory.multitenant.Sanity.validateiOSMobileAndUniversal(Sanity.java:123)
Caused by: org.apache.http.ProtocolException: Target host is not specified
	at appfactory.multitenant.Sanity.validateiOSMobileAndUniversal(Sanity.java:123)
</failure>
  </testcase>
  <testcase name="testCase" classname="appfactory.multitenant.TestCase1" time="1.029">
    <failure type="org.apache.http.client.ClientProtocolException">org.apache.http.client.ClientProtocolException
	at appfactory.multitenant.TestCase1.testCase(TestCase1.java:28)
Caused by: org.apache.http.ProtocolException: Target host is not specified
	at appfactory.multitenant.TestCase1.testCase(TestCase1.java:28)
</failure>
  </testcase>
</testsuite>